14:07:12,798 INFO  [org.eclipse.jetty.server.Server] jetty-8.1.9.v20130131
14:07:12,975 INFO  [/] Initializing Spring root WebApplicationContext
14:07:12,975 INFO  [org.springframework.web.context.ContextLoader] Root WebApplicationContext: initialization started
14:07:13,041 INFO  [org.springframework.web.context.support.XmlWebApplicationContext] Refreshing Root WebApplicationContext: startup date [Sat Jul 05 14:07:13 IST 2014]; root of context hierarchy
14:07:13,076 INFO  [org.springframework.beans.factory.xml.XmlBeanDefinitionReader] Loading XML bean definitions from ServletContext resource [/WEB-INF/spring/security-app-context.xml]
14:07:13,199 INFO  [org.springframework.beans.factory.xml.XmlBeanDefinitionReader] Loading XML bean definitions from ServletContext resource [/WEB-INF/spring/persistence-config.xml]
14:07:13,247 INFO  [org.springframework.security.core.SpringSecurityCoreVersion] You are running with Spring Security Core 3.1.3.RELEASE
14:07:13,247 INFO  [org.springframework.security.config.SecurityNamespaceHandler] Spring Security 'config' module version is 3.1.3.RELEASE
14:07:13,290 INFO  [org.springframework.security.config.http.HttpSecurityBeanDefinitionParser] Checking sorted filter chain: [Root bean: class [org.springframework.security.web.context.SecurityContextPersistenceFilter]; scope=; abstract=false; lazyInit=false; autowireMode=0; dependencyCheck=0; autowireCandidate=true; primary=false; factoryBeanName=null; factoryMethodName=null; initMethodName=null; destroyMethodName=null, order = 200, Root bean: class [org.springframework.security.web.authentication.logout.LogoutFilter]; scope=; abstract=false; lazyInit=false; autowireMode=0; dependencyCheck=0; autowireCandidate=true; primary=false; factoryBeanName=null; factoryMethodName=null; initMethodName=null; destroyMethodName=null, order = 400, <org.springframework.security.web.authentication.UsernamePasswordAuthenticationFilter#0>, order = 800, Root bean: class [org.springframework.security.web.authentication.www.BasicAuthenticationFilter]; scope=; abstract=false; lazyInit=false; autowireMode=0; dependencyCheck=0; autowireCandidate=true; primary=false; factoryBeanName=null; factoryMethodName=null; initMethodName=null; destroyMethodName=null, order = 1200, Root bean: class [org.springframework.security.web.savedrequest.RequestCacheAwareFilter]; scope=; abstract=false; lazyInit=false; autowireMode=0; dependencyCheck=0; autowireCandidate=true; primary=false; factoryBeanName=null; factoryMethodName=null; initMethodName=null; destroyMethodName=null, order = 1300, Root bean: class [org.springframework.security.web.servletapi.SecurityContextHolderAwareRequestFilter]; scope=; abstract=false; lazyInit=false; autowireMode=0; dependencyCheck=0; autowireCandidate=true; primary=false; factoryBeanName=null; factoryMethodName=null; initMethodName=null; destroyMethodName=null, order = 1400, Root bean: class [org.springframework.security.web.authentication.AnonymousAuthenticationFilter]; scope=; abstract=false; lazyInit=false; autowireMode=0; dependencyCheck=0; autowireCandidate=true; primary=false; factoryBeanName=null; factoryMethodName=null; initMethodName=null; destroyMethodName=null, order = 1700, Root bean: class [org.springframework.security.web.session.SessionManagementFilter]; scope=; abstract=false; lazyInit=false; autowireMode=0; dependencyCheck=0; autowireCandidate=true; primary=false; factoryBeanName=null; factoryMethodName=null; initMethodName=null; destroyMethodName=null, order = 1800, Root bean: class [org.springframework.security.web.access.ExceptionTranslationFilter]; scope=; abstract=false; lazyInit=false; autowireMode=0; dependencyCheck=0; autowireCandidate=true; primary=false; factoryBeanName=null; factoryMethodName=null; initMethodName=null; destroyMethodName=null, order = 1900, <org.springframework.security.web.access.intercept.FilterSecurityInterceptor#0>, order = 2000]
14:07:13,393 INFO  [org.springframework.beans.factory.config.PropertyPlaceholderConfigurer] Loading properties file from class path resource [database.properties]
14:07:13,411 INFO  [org.springframework.beans.factory.support.DefaultListableBeanFactory] Pre-instantiating singletons in org.springframework.beans.factory.support.DefaultListableBeanFactory@6bb31fae: defining beans [org.springframework.context.annotation.internalConfigurationAnnotationProcessor,org.springframework.context.annotation.internalAutowiredAnnotationProcessor,org.springframework.context.annotation.internalRequiredAnnotationProcessor,org.springframework.context.annotation.internalCommonAnnotationProcessor,org.springframework.context.annotation.internalPersistenceAnnotationProcessor,propertyPlaceholderConfigurer,myDataSource,org.springframework.security.filterChains,org.springframework.security.filterChainProxy,org.springframework.security.web.PortMapperImpl#0,org.springframework.security.web.PortResolverImpl#0,org.springframework.security.config.authentication.AuthenticationManagerFactoryBean#0,org.springframework.security.authentication.ProviderManager#0,org.springframework.security.web.context.HttpSessionSecurityContextRepository#0,org.springframework.security.web.authentication.session.SessionFixationProtectionStrategy#0,org.springframework.security.web.savedrequest.HttpSessionRequestCache#0,org.springframework.security.access.vote.AffirmativeBased#0,org.springframework.security.web.access.intercept.FilterSecurityInterceptor#0,org.springframework.security.web.access.DefaultWebInvocationPrivilegeEvaluator#0,org.springframework.security.authentication.AnonymousAuthenticationProvider#0,org.springframework.security.web.authentication.www.BasicAuthenticationEntryPoint#0,org.springframework.security.web.authentication.UsernamePasswordAuthenticationFilter#0,org.springframework.security.userDetailsServiceFactory,org.springframework.security.web.DefaultSecurityFilterChain#0,org.springframework.security.provisioning.JdbcUserDetailsManager#0,org.springframework.security.authentication.dao.DaoAuthenticationProvider#0,org.springframework.security.authentication.DefaultAuthenticationEventPublisher#0,org.springframework.security.authenticationManager,org.springframework.context.annotation.ConfigurationClassPostProcessor.importAwareProcessor]; root of factory hierarchy
14:07:13,425 INFO  [org.springframework.jdbc.datasource.DriverManagerDataSource] Loaded JDBC driver: org.postgresql.Driver
14:07:13,530 INFO  [org.springframework.security.provisioning.JdbcUserDetailsManager] No authentication manager set. Reauthentication of users when changing passwords will not be performed.
14:07:13,623 INFO  [org.springframework.security.web.DefaultSecurityFilterChain] Creating filter chain: org.springframework.security.web.util.AnyRequestMatcher@1, [org.springframework.security.web.context.SecurityContextPersistenceFilter@5a447d28, org.springframework.security.web.authentication.logout.LogoutFilter@4674fb64, org.springframework.security.web.authentication.UsernamePasswordAuthenticationFilter@2a24865f, org.springframework.security.web.authentication.www.BasicAuthenticationFilter@43f1dc96, org.springframework.security.web.savedrequest.RequestCacheAwareFilter@3bc91eb3, org.springframework.security.web.servletapi.SecurityContextHolderAwareRequestFilter@10fe986f, org.springframework.security.web.authentication.AnonymousAuthenticationFilter@3ac9a820, org.springframework.security.web.session.SessionManagementFilter@d3ceb07, org.springframework.security.web.access.ExceptionTranslationFilter@1a6a1f5b, org.springframework.security.web.access.intercept.FilterSecurityInterceptor@2d309ce9]
14:07:13,637 INFO  [org.springframework.security.config.http.DefaultFilterChainValidator] Checking whether login URL '/login' is accessible with your configuration
14:07:13,650 INFO  [org.springframework.web.context.ContextLoader] Root WebApplicationContext: initialization completed in 675 ms
14:07:13,705 INFO  [org.eclipse.jetty.server.AbstractConnector] Started SelectChannelConnector@0.0.0.0:8080
14:07:25,441 INFO  [/] Initializing Spring FrameworkServlet 'Spring MVC Dispatcher Servlet'
14:07:25,441 INFO  [org.springframework.web.servlet.DispatcherServlet] FrameworkServlet 'Spring MVC Dispatcher Servlet': initialization started
14:07:25,444 INFO  [org.springframework.web.context.support.XmlWebApplicationContext] Refreshing WebApplicationContext for namespace 'Spring MVC Dispatcher Servlet-servlet': startup date [Sat Jul 05 14:07:25 IST 2014]; parent: Root WebApplicationContext
14:07:25,453 INFO  [org.springframework.beans.factory.xml.XmlBeanDefinitionReader] Loading XML bean definitions from ServletContext resource [/WEB-INF/spring/app-config.xml]
14:07:25,549 INFO  [org.springframework.beans.factory.xml.XmlBeanDefinitionReader] Loading XML bean definitions from ServletContext resource [/WEB-INF/spring/security-app-context.xml]
14:07:25,576 INFO  [org.springframework.beans.factory.xml.XmlBeanDefinitionReader] Loading XML bean definitions from ServletContext resource [/WEB-INF/spring/persistence-config.xml]
14:07:25,593 INFO  [org.springframework.security.config.SecurityNamespaceHandler] Spring Security 'config' module version is 3.1.3.RELEASE
14:07:25,596 INFO  [org.springframework.security.config.http.HttpSecurityBeanDefinitionParser] Checking sorted filter chain: [Root bean: class [org.springframework.security.web.context.SecurityContextPersistenceFilter]; scope=; abstract=false; lazyInit=false; autowireMode=0; dependencyCheck=0; autowireCandidate=true; primary=false; factoryBeanName=null; factoryMethodName=null; initMethodName=null; destroyMethodName=null, order = 200, Root bean: class [org.springframework.security.web.authentication.logout.LogoutFilter]; scope=; abstract=false; lazyInit=false; autowireMode=0; dependencyCheck=0; autowireCandidate=true; primary=false; factoryBeanName=null; factoryMethodName=null; initMethodName=null; destroyMethodName=null, order = 400, <org.springframework.security.web.authentication.UsernamePasswordAuthenticationFilter#0>, order = 800, Root bean: class [org.springframework.security.web.authentication.www.BasicAuthenticationFilter]; scope=; abstract=false; lazyInit=false; autowireMode=0; dependencyCheck=0; autowireCandidate=true; primary=false; factoryBeanName=null; factoryMethodName=null; initMethodName=null; destroyMethodName=null, order = 1200, Root bean: class [org.springframework.security.web.savedrequest.RequestCacheAwareFilter]; scope=; abstract=false; lazyInit=false; autowireMode=0; dependencyCheck=0; autowireCandidate=true; primary=false; factoryBeanName=null; factoryMethodName=null; initMethodName=null; destroyMethodName=null, order = 1300, Root bean: class [org.springframework.security.web.servletapi.SecurityContextHolderAwareRequestFilter]; scope=; abstract=false; lazyInit=false; autowireMode=0; dependencyCheck=0; autowireCandidate=true; primary=false; factoryBeanName=null; factoryMethodName=null; initMethodName=null; destroyMethodName=null, order = 1400, Root bean: class [org.springframework.security.web.authentication.AnonymousAuthenticationFilter]; scope=; abstract=false; lazyInit=false; autowireMode=0; dependencyCheck=0; autowireCandidate=true; primary=false; factoryBeanName=null; factoryMethodName=null; initMethodName=null; destroyMethodName=null, order = 1700, Root bean: class [org.springframework.security.web.session.SessionManagementFilter]; scope=; abstract=false; lazyInit=false; autowireMode=0; dependencyCheck=0; autowireCandidate=true; primary=false; factoryBeanName=null; factoryMethodName=null; initMethodName=null; destroyMethodName=null, order = 1800, Root bean: class [org.springframework.security.web.access.ExceptionTranslationFilter]; scope=; abstract=false; lazyInit=false; autowireMode=0; dependencyCheck=0; autowireCandidate=true; primary=false; factoryBeanName=null; factoryMethodName=null; initMethodName=null; destroyMethodName=null, order = 1900, <org.springframework.security.web.access.intercept.FilterSecurityInterceptor#0>, order = 2000]
14:07:25,597 INFO  [org.springframework.beans.factory.xml.XmlBeanDefinitionReader] Loading XML bean definitions from ServletContext resource [/WEB-INF/spring/persistence-config.xml]
14:07:25,613 INFO  [org.springframework.beans.factory.support.DefaultListableBeanFactory] Overriding bean definition for bean 'propertyPlaceholderConfigurer': replacing [Generic bean: class [org.springframework.beans.factory.config.PropertyPlaceholderConfigurer]; scope=; abstract=false; lazyInit=false; autowireMode=0; dependencyCheck=0; autowireCandidate=true; primary=false; factoryBeanName=null; factoryMethodName=null; initMethodName=null; destroyMethodName=null; defined in ServletContext resource [/WEB-INF/spring/persistence-config.xml]] with [Generic bean: class [org.springframework.beans.factory.config.PropertyPlaceholderConfigurer]; scope=; abstract=false; lazyInit=false; autowireMode=0; dependencyCheck=0; autowireCandidate=true; primary=false; factoryBeanName=null; factoryMethodName=null; initMethodName=null; destroyMethodName=null; defined in ServletContext resource [/WEB-INF/spring/persistence-config.xml]]
14:07:25,613 INFO  [org.springframework.beans.factory.support.DefaultListableBeanFactory] Overriding bean definition for bean 'myDataSource': replacing [Generic bean: class [org.springframework.jdbc.datasource.DriverManagerDataSource]; scope=; abstract=false; lazyInit=false; autowireMode=0; dependencyCheck=0; autowireCandidate=true; primary=false; factoryBeanName=null; factoryMethodName=null; initMethodName=null; destroyMethodName=null; defined in ServletContext resource [/WEB-INF/spring/persistence-config.xml]] with [Generic bean: class [org.springframework.jdbc.datasource.DriverManagerDataSource]; scope=; abstract=false; lazyInit=false; autowireMode=0; dependencyCheck=0; autowireCandidate=true; primary=false; factoryBeanName=null; factoryMethodName=null; initMethodName=null; destroyMethodName=null; defined in ServletContext resource [/WEB-INF/spring/persistence-config.xml]]
14:07:25,613 INFO  [org.springframework.beans.factory.xml.XmlBeanDefinitionReader] Loading XML bean definitions from ServletContext resource [/WEB-INF/spring/mvc-config.xml]
14:07:25,715 INFO  [org.springframework.beans.factory.config.PropertyPlaceholderConfigurer] Loading properties file from class path resource [database.properties]
14:07:25,739 INFO  [org.springframework.beans.factory.support.DefaultListableBeanFactory] Pre-instantiating singletons in org.springframework.beans.factory.support.DefaultListableBeanFactory@6bc6dd16: defining beans [accountServiceImpl,surveyService,accountController,adminController,homeController,itemController,loginController,reserveController,surveyController,userProfileController,org.springframework.context.annotation.internalConfigurationAnnotationProcessor,org.springframework.context.annotation.internalAutowiredAnnotationProcessor,org.springframework.context.annotation.internalRequiredAnnotationProcessor,org.springframework.context.annotation.internalCommonAnnotationProcessor,org.springframework.context.annotation.internalPersistenceAnnotationProcessor,validator,propertyPlaceholderConfigurer,myDataSource,org.springframework.security.filterChains,org.springframework.security.filterChainProxy,org.springframework.security.web.PortMapperImpl#0,org.springframework.security.web.PortResolverImpl#0,org.springframework.security.config.authentication.AuthenticationManagerFactoryBean#0,org.springframework.security.authentication.ProviderManager#0,org.springframework.security.web.context.HttpSessionSecurityContextRepository#0,org.springframework.security.web.authentication.session.SessionFixationProtectionStrategy#0,org.springframework.security.web.savedrequest.HttpSessionRequestCache#0,org.springframework.security.access.vote.AffirmativeBased#0,org.springframework.security.web.access.intercept.FilterSecurityInterceptor#0,org.springframework.security.web.access.DefaultWebInvocationPrivilegeEvaluator#0,org.springframework.security.authentication.AnonymousAuthenticationProvider#0,org.springframework.security.web.authentication.www.BasicAuthenticationEntryPoint#0,org.springframework.security.web.authentication.UsernamePasswordAuthenticationFilter#0,org.springframework.security.userDetailsServiceFactory,org.springframework.security.web.DefaultSecurityFilterChain#0,org.springframework.security.provisioning.JdbcUserDetailsManager#0,org.springframework.security.authentication.dao.DaoAuthenticationProvider#0,org.springframework.security.authentication.DefaultAuthenticationEventPublisher#0,org.springframework.security.authenticationManager,mvcContentNegotiationManager,org.springframework.web.servlet.mvc.method.annotation.RequestMappingHandlerMapping#0,org.springframework.format.support.FormattingConversionServiceFactoryBean#0,org.springframework.validation.beanvalidation.LocalValidatorFactoryBean#0,org.springframework.web.servlet.mvc.method.annotation.RequestMappingHandlerAdapter#0,org.springframework.web.servlet.handler.MappedInterceptor#0,org.springframework.web.servlet.mvc.method.annotation.ExceptionHandlerExceptionResolver#0,org.springframework.web.servlet.mvc.annotation.ResponseStatusExceptionResolver#0,org.springframework.web.servlet.mvc.support.DefaultHandlerExceptionResolver#0,org.springframework.web.servlet.handler.BeanNameUrlHandlerMapping,org.springframework.web.servlet.mvc.HttpRequestHandlerAdapter,org.springframework.web.servlet.mvc.SimpleControllerHandlerAdapter,org.springframework.web.servlet.config.viewControllerHandlerMapping,org.springframework.web.servlet.resource.ResourceHttpRequestHandler#0,org.springframework.web.servlet.handler.SimpleUrlHandlerMapping#0,org.springframework.web.servlet.resource.ResourceHttpRequestHandler#1,org.springframework.web.servlet.handler.SimpleUrlHandlerMapping#1,org.springframework.web.servlet.resource.ResourceHttpRequestHandler#2,org.springframework.web.servlet.handler.SimpleUrlHandlerMapping#2,org.springframework.web.servlet.resource.ResourceHttpRequestHandler#3,org.springframework.web.servlet.handler.SimpleUrlHandlerMapping#3,org.springframework.web.servlet.resource.ResourceHttpRequestHandler#4,org.springframework.web.servlet.handler.SimpleUrlHandlerMapping#4,org.springframework.web.servlet.view.InternalResourceViewResolver#0,org.springframework.context.annotation.ConfigurationClassPostProcessor.importAwareProcessor]; parent: org.springframework.beans.factory.support.DefaultListableBeanFactory@6bb31fae
14:07:25,836 DEBUG [org.apache.ibatis.logging.LogFactory] Logging initialized using 'class org.apache.ibatis.logging.slf4j.Slf4jImpl' adapter.
14:07:25,991 INFO  [org.hibernate.validator.util.Version] Hibernate Validator 4.2.0.Final
14:07:26,021 INFO  [org.springframework.jdbc.datasource.DriverManagerDataSource] Loaded JDBC driver: org.postgresql.Driver
14:07:26,043 INFO  [org.springframework.security.provisioning.JdbcUserDetailsManager] No authentication manager set. Reauthentication of users when changing passwords will not be performed.
14:07:26,084 INFO  [org.springframework.security.web.DefaultSecurityFilterChain] Creating filter chain: org.springframework.security.web.util.AnyRequestMatcher@1, [org.springframework.security.web.context.SecurityContextPersistenceFilter@7789bd81, org.springframework.security.web.authentication.logout.LogoutFilter@73f89d76, org.springframework.security.web.authentication.UsernamePasswordAuthenticationFilter@4729e975, org.springframework.security.web.authentication.www.BasicAuthenticationFilter@109e24d3, org.springframework.security.web.savedrequest.RequestCacheAwareFilter@7e83a12a, org.springframework.security.web.servletapi.SecurityContextHolderAwareRequestFilter@73ca0d49, org.springframework.security.web.authentication.AnonymousAuthenticationFilter@562e6f02, org.springframework.security.web.session.SessionManagementFilter@27a1882, org.springframework.security.web.access.ExceptionTranslationFilter@1ddf0013, org.springframework.security.web.access.intercept.FilterSecurityInterceptor@1b7deeb7]
14:07:26,088 INFO  [org.springframework.security.config.http.DefaultFilterChainValidator] Checking whether login URL '/login' is accessible with your configuration
14:07:26,136 INFO  [org.springframework.web.servlet.mvc.method.annotation.RequestMappingHandlerMapping] Mapped "{[/account/create],methods=[GET],params=[],headers=[],consumes=[],produces=[],custom=[]}" onto public org.springframework.web.servlet.ModelAndView com.trailblazers.freewheelers.web.AccountController.createAccountForm(org.springframework.ui.Model)
14:07:26,136 INFO  [org.springframework.web.servlet.mvc.method.annotation.RequestMappingHandlerMapping] Mapped "{[/account/create],methods=[POST],params=[],headers=[],consumes=[],produces=[],custom=[]}" onto public org.springframework.web.servlet.ModelAndView com.trailblazers.freewheelers.web.AccountController.processCreate(javax.servlet.http.HttpServletRequest) throws java.io.IOException
14:07:26,138 INFO  [org.springframework.web.servlet.mvc.method.annotation.RequestMappingHandlerMapping] Mapped "{[/admin],methods=[GET],params=[],headers=[],consumes=[],produces=[],custom=[]}" onto public void com.trailblazers.freewheelers.web.AdminController.get(org.springframework.ui.Model)
14:07:26,139 INFO  [org.springframework.web.servlet.mvc.method.annotation.RequestMappingHandlerMapping] Mapped "{[/admin],methods=[POST],params=[save=Save Changes],headers=[],consumes=[],produces=[],custom=[]}" onto public void com.trailblazers.freewheelers.web.AdminController.updateOrder(org.springframework.ui.Model,java.lang.String,java.lang.String,java.lang.String)
14:07:26,139 INFO  [org.springframework.web.servlet.mvc.method.annotation.RequestMappingHandlerMapping] Mapped "{[/],methods=[GET],params=[],headers=[],consumes=[],produces=[],custom=[]}" onto public java.lang.String com.trailblazers.freewheelers.web.HomeController.get(org.springframework.ui.Model,com.trailblazers.freewheelers.model.Item)
14:07:26,141 INFO  [org.springframework.web.servlet.mvc.method.annotation.RequestMappingHandlerMapping] Mapped "{[/item],methods=[GET],params=[],headers=[],consumes=[],produces=[],custom=[]}" onto public java.lang.String com.trailblazers.freewheelers.web.ItemController.get(org.springframework.ui.Model,com.trailblazers.freewheelers.model.Item)
14:07:26,141 INFO  [org.springframework.web.servlet.mvc.method.annotation.RequestMappingHandlerMapping] Mapped "{[/item],methods=[POST],params=[],headers=[],consumes=[],produces=[],custom=[]}" onto public java.lang.String com.trailblazers.freewheelers.web.ItemController.post(org.springframework.ui.Model,com.trailblazers.freewheelers.model.Item)
14:07:26,141 INFO  [org.springframework.web.servlet.mvc.method.annotation.RequestMappingHandlerMapping] Mapped "{[/item],methods=[POST],params=[update=Update all enabled items],headers=[],consumes=[],produces=[],custom=[]}" onto public java.lang.String com.trailblazers.freewheelers.web.ItemController.updateItem(com.trailblazers.freewheelers.web.ItemGrid)
14:07:26,142 INFO  [org.springframework.web.servlet.mvc.method.annotation.RequestMappingHandlerMapping] Mapped "{[/item],methods=[POST],params=[delete=Delete all enabled items],headers=[],consumes=[],produces=[],custom=[]}" onto public java.lang.String com.trailblazers.freewheelers.web.ItemController.deleteItem(com.trailblazers.freewheelers.web.ItemGrid)
14:07:26,142 INFO  [org.springframework.web.servlet.mvc.method.annotation.RequestMappingHandlerMapping] Mapped "{[/login],methods=[GET],params=[],headers=[],consumes=[],produces=[],custom=[]}" onto public java.lang.String com.trailblazers.freewheelers.web.LoginController.login(org.springframework.ui.Model)
14:07:26,143 INFO  [org.springframework.web.servlet.mvc.method.annotation.RequestMappingHandlerMapping] Mapped "{[/logout],methods=[GET],params=[],headers=[],consumes=[],produces=[],custom=[]}" onto public java.lang.String com.trailblazers.freewheelers.web.LoginController.logout(org.springframework.ui.Model)
14:07:26,143 INFO  [org.springframework.web.servlet.mvc.method.annotation.RequestMappingHandlerMapping] Mapped "{[/loginfailed],methods=[GET],params=[],headers=[],consumes=[],produces=[],custom=[]}" onto public java.lang.String com.trailblazers.freewheelers.web.LoginController.loginerror(org.springframework.ui.Model)
14:07:26,143 INFO  [org.springframework.web.servlet.mvc.method.annotation.RequestMappingHandlerMapping] Mapped "{[/403],methods=[],params=[],headers=[],consumes=[],produces=[],custom=[]}" onto public java.lang.String com.trailblazers.freewheelers.web.LoginController.accessDenied()
14:07:26,144 INFO  [org.springframework.web.servlet.mvc.method.annotation.RequestMappingHandlerMapping] Mapped "{[/reserve],methods=[GET],params=[],headers=[],consumes=[],produces=[],custom=[]}" onto public void com.trailblazers.freewheelers.web.ReserveController.get(org.springframework.ui.Model)
14:07:26,144 INFO  [org.springframework.web.servlet.mvc.method.annotation.RequestMappingHandlerMapping] Mapped "{[/reserve],methods=[POST],params=[reserve=Reserve Item],headers=[],consumes=[],produces=[],custom=[]}" onto public void com.trailblazers.freewheelers.web.ReserveController.reserveItem(org.springframework.ui.Model,java.security.Principal,com.trailblazers.freewheelers.model.Item)
14:07:26,145 INFO  [org.springframework.web.servlet.mvc.method.annotation.RequestMappingHandlerMapping] Mapped "{[/survey],methods=[GET],params=[],headers=[],consumes=[],produces=[],custom=[]}" onto public java.lang.String com.trailblazers.freewheelers.web.SurveyController.get(javax.servlet.http.HttpServletResponse)
14:07:26,145 INFO  [org.springframework.web.servlet.mvc.method.annotation.RequestMappingHandlerMapping] Mapped "{[/survey],methods=[POST],params=[],headers=[],consumes=[],produces=[],custom=[]}" onto public org.springframework.web.servlet.ModelAndView com.trailblazers.freewheelers.web.SurveyController.post(java.security.Principal,com.trailblazers.freewheelers.web.forms.SurveyEntryForm,org.springframework.validation.BindingResult)
14:07:26,146 INFO  [org.springframework.web.servlet.mvc.method.annotation.RequestMappingHandlerMapping] Mapped "{[/survey/report],methods=[GET],params=[],headers=[],consumes=[],produces=[],custom=[]}" onto public org.springframework.web.servlet.ModelAndView com.trailblazers.freewheelers.web.SurveyController.getReport()
14:07:26,146 INFO  [org.springframework.web.servlet.mvc.method.annotation.RequestMappingHandlerMapping] Mapped "{[/userProfile/{userName:.*}],methods=[GET],params=[],headers=[],consumes=[],produces=[],custom=[]}" onto public java.lang.String com.trailblazers.freewheelers.web.UserProfileController.get(java.lang.String,org.springframework.ui.Model,java.security.Principal)
14:07:26,147 INFO  [org.springframework.web.servlet.mvc.method.annotation.RequestMappingHandlerMapping] Mapped "{[/userProfile],methods=[GET],params=[],headers=[],consumes=[],produces=[],custom=[]}" onto public java.lang.String com.trailblazers.freewheelers.web.UserProfileController.get(org.springframework.ui.Model,java.security.Principal)
14:07:26,336 INFO  [org.springframework.web.servlet.handler.SimpleUrlHandlerMapping] Root mapping to handler of type [class org.springframework.web.servlet.mvc.ParameterizableViewController]
14:07:26,342 INFO  [org.springframework.web.servlet.handler.SimpleUrlHandlerMapping] Mapped URL path [/scripts/**] onto handler 'org.springframework.web.servlet.resource.ResourceHttpRequestHandler#0'
14:07:26,343 INFO  [org.springframework.web.servlet.handler.SimpleUrlHandlerMapping] Mapped URL path [/styles/**] onto handler 'org.springframework.web.servlet.resource.ResourceHttpRequestHandler#1'
14:07:26,344 INFO  [org.springframework.web.servlet.handler.SimpleUrlHandlerMapping] Mapped URL path [/images/**] onto handler 'org.springframework.web.servlet.resource.ResourceHttpRequestHandler#2'
14:07:26,345 INFO  [org.springframework.web.servlet.handler.SimpleUrlHandlerMapping] Mapped URL path [/humans.txt] onto handler 'org.springframework.web.servlet.resource.ResourceHttpRequestHandler#3'
14:07:26,346 INFO  [org.springframework.web.servlet.handler.SimpleUrlHandlerMapping] Mapped URL path [/favicon.ico] onto handler 'org.springframework.web.servlet.resource.ResourceHttpRequestHandler#4'
14:07:26,381 INFO  [org.springframework.web.servlet.DispatcherServlet] FrameworkServlet 'Spring MVC Dispatcher Servlet': initialization completed in 940 ms
14:07:27,572 DEBUG [org.apache.ibatis.transaction.jdbc.JdbcTransaction] Openning JDBC Connection
14:07:27,598 DEBUG [com.trailblazers.freewheelers.mappers.ItemMapper.findAvailable] ooo Using Connection [org.postgresql.jdbc4.Jdbc4Connection@2e7a32f3]
14:07:27,603 DEBUG [com.trailblazers.freewheelers.mappers.ItemMapper.findAvailable] ==>  Preparing: SELECT item_id, name, price, type, quantity, description FROM item WHERE quantity > 0 
14:07:27,625 DEBUG [com.trailblazers.freewheelers.mappers.ItemMapper.findAvailable] ==> Parameters: 
14:07:28,563 DEBUG [com.trailblazers.freewheelers.mappers.ItemMapper.findAvailable] ooo Using Connection [org.postgresql.jdbc4.Jdbc4Connection@2e7a32f3]
14:07:28,564 DEBUG [com.trailblazers.freewheelers.mappers.ItemMapper.findAvailable] ==>  Preparing: SELECT item_id, name, price, type, quantity, description FROM item WHERE quantity > 0 
14:07:28,564 DEBUG [com.trailblazers.freewheelers.mappers.ItemMapper.findAvailable] ==> Parameters: 
14:07:29,383 DEBUG [com.trailblazers.freewheelers.mappers.ItemMapper.findAvailable] ooo Using Connection [org.postgresql.jdbc4.Jdbc4Connection@2e7a32f3]
14:07:29,383 DEBUG [com.trailblazers.freewheelers.mappers.ItemMapper.findAvailable] ==>  Preparing: SELECT item_id, name, price, type, quantity, description FROM item WHERE quantity > 0 
14:07:29,383 DEBUG [com.trailblazers.freewheelers.mappers.ItemMapper.findAvailable] ==> Parameters: 
14:07:29,888 DEBUG [org.apache.ibatis.transaction.jdbc.JdbcTransaction] Openning JDBC Connection
14:07:29,892 DEBUG [com.trailblazers.freewheelers.mappers.AccountMapper.insert] ooo Using Connection [org.postgresql.jdbc4.Jdbc4Connection@49c9acf1]
14:07:29,892 DEBUG [com.trailblazers.freewheelers.mappers.AccountMapper.insert] ==>  Preparing: INSERT INTO account (account_name, email_address, password, phone_number, enabled) VALUES (?, ?, ?, ?, ?) 
14:07:29,893 DEBUG [com.trailblazers.freewheelers.mappers.AccountMapper.insert] ==> Parameters: Jan Plewka(String), somebody@something.de(String), secret(String), 555-123456(String), true(Boolean)
14:07:29,896 DEBUG [com.trailblazers.freewheelers.mappers.AccountRoleMapper.insert] ooo Using Connection [org.postgresql.jdbc4.Jdbc4Connection@49c9acf1]
14:07:29,896 DEBUG [com.trailblazers.freewheelers.mappers.AccountRoleMapper.insert] ==>  Preparing: INSERT INTO account_role (account_name, role) VALUES (?, ?) 
14:07:29,896 DEBUG [com.trailblazers.freewheelers.mappers.AccountRoleMapper.insert] ==> Parameters: Jan Plewka(String), ROLE_USER(String)
14:07:29,897 DEBUG [org.apache.ibatis.transaction.jdbc.JdbcTransaction] Committing JDBC Connection [org.postgresql.jdbc4.Jdbc4Connection@49c9acf1]
14:07:30,209 DEBUG [com.trailblazers.freewheelers.mappers.ItemMapper.findAvailable] ooo Using Connection [org.postgresql.jdbc4.Jdbc4Connection@2e7a32f3]
14:07:30,209 DEBUG [com.trailblazers.freewheelers.mappers.ItemMapper.findAvailable] ==>  Preparing: SELECT item_id, name, price, type, quantity, description FROM item WHERE quantity > 0 
14:07:30,209 DEBUG [com.trailblazers.freewheelers.mappers.ItemMapper.findAvailable] ==> Parameters: 
14:07:30,498 DEBUG [org.apache.ibatis.transaction.jdbc.JdbcTransaction] Openning JDBC Connection
14:07:30,501 DEBUG [com.trailblazers.freewheelers.mappers.AccountMapper.getByName] ooo Using Connection [org.postgresql.jdbc4.Jdbc4Connection@793069a5]
14:07:30,501 DEBUG [com.trailblazers.freewheelers.mappers.AccountMapper.getByName] ==>  Preparing: SELECT account_id, account_name, email_address, password, phone_number, enabled FROM account WHERE account_name = ? LIMIT 1 
14:07:30,501 DEBUG [com.trailblazers.freewheelers.mappers.AccountMapper.getByName] ==> Parameters: Jan Plewka(String)
14:07:30,504 DEBUG [org.apache.ibatis.transaction.jdbc.JdbcTransaction] Openning JDBC Connection
14:07:30,506 DEBUG [com.trailblazers.freewheelers.mappers.ReserveOrderMapper.findAllFor] ooo Using Connection [org.postgresql.jdbc4.Jdbc4Connection@3e61b848]
14:07:30,506 DEBUG [com.trailblazers.freewheelers.mappers.ReserveOrderMapper.findAllFor] ==>  Preparing: SELECT order_id, account_id, item_id, status, note, reservation_timestamp FROM reserve_order WHERE account_id=? 
14:07:30,507 DEBUG [com.trailblazers.freewheelers.mappers.ReserveOrderMapper.findAllFor] ==> Parameters: 10(Long)
14:07:30,847 DEBUG [com.trailblazers.freewheelers.mappers.ItemMapper.findAvailable] ooo Using Connection [org.postgresql.jdbc4.Jdbc4Connection@2e7a32f3]
14:07:30,847 DEBUG [com.trailblazers.freewheelers.mappers.ItemMapper.findAvailable] ==>  Preparing: SELECT item_id, name, price, type, quantity, description FROM item WHERE quantity > 0 
14:07:30,847 DEBUG [com.trailblazers.freewheelers.mappers.ItemMapper.findAvailable] ==> Parameters: 
14:07:31,301 DEBUG [com.trailblazers.freewheelers.mappers.AccountMapper.getByName] ooo Using Connection [org.postgresql.jdbc4.Jdbc4Connection@793069a5]
14:07:31,301 DEBUG [com.trailblazers.freewheelers.mappers.AccountMapper.getByName] ==>  Preparing: SELECT account_id, account_name, email_address, password, phone_number, enabled FROM account WHERE account_name = ? LIMIT 1 
14:07:31,302 DEBUG [com.trailblazers.freewheelers.mappers.AccountMapper.getByName] ==> Parameters: Hugo Huser(String)
14:07:31,303 DEBUG [com.trailblazers.freewheelers.mappers.ReserveOrderMapper.findAllFor] ooo Using Connection [org.postgresql.jdbc4.Jdbc4Connection@3e61b848]
14:07:31,303 DEBUG [com.trailblazers.freewheelers.mappers.ReserveOrderMapper.findAllFor] ==>  Preparing: SELECT order_id, account_id, item_id, status, note, reservation_timestamp FROM reserve_order WHERE account_id=? 
14:07:31,303 DEBUG [com.trailblazers.freewheelers.mappers.ReserveOrderMapper.findAllFor] ==> Parameters: 11(Long)
14:07:31,417 DEBUG [com.trailblazers.freewheelers.mappers.ReserveOrderMapper.findAllFor] ooo Using Connection [org.postgresql.jdbc4.Jdbc4Connection@3e61b848]
14:07:31,418 DEBUG [com.trailblazers.freewheelers.mappers.ReserveOrderMapper.findAllFor] ==>  Preparing: SELECT order_id, account_id, item_id, status, note, reservation_timestamp FROM reserve_order WHERE account_id=? 
14:07:31,418 DEBUG [com.trailblazers.freewheelers.mappers.ReserveOrderMapper.findAllFor] ==> Parameters: 11(Long)
14:07:31,964 DEBUG [com.trailblazers.freewheelers.mappers.AccountMapper.getByName] ooo Using Connection [org.postgresql.jdbc4.Jdbc4Connection@793069a5]
14:07:31,964 DEBUG [com.trailblazers.freewheelers.mappers.AccountMapper.getByName] ==>  Preparing: SELECT account_id, account_name, email_address, password, phone_number, enabled FROM account WHERE account_name = ? LIMIT 1 
14:07:31,964 DEBUG [com.trailblazers.freewheelers.mappers.AccountMapper.getByName] ==> Parameters: Arno Admin(String)
14:07:31,965 DEBUG [com.trailblazers.freewheelers.mappers.ReserveOrderMapper.findAllFor] ooo Using Connection [org.postgresql.jdbc4.Jdbc4Connection@3e61b848]
14:07:31,965 DEBUG [com.trailblazers.freewheelers.mappers.ReserveOrderMapper.findAllFor] ==>  Preparing: SELECT order_id, account_id, item_id, status, note, reservation_timestamp FROM reserve_order WHERE account_id=? 
14:07:31,965 DEBUG [com.trailblazers.freewheelers.mappers.ReserveOrderMapper.findAllFor] ==> Parameters: 12(Long)
14:07:32,097 DEBUG [org.apache.ibatis.transaction.jdbc.JdbcTransaction] Openning JDBC Connection
14:07:32,100 DEBUG [com.trailblazers.freewheelers.mappers.ReserveOrderMapper.findAll] ooo Using Connection [org.postgresql.jdbc4.Jdbc4Connection@6a788fcf]
14:07:32,101 DEBUG [com.trailblazers.freewheelers.mappers.ReserveOrderMapper.findAll] ==>  Preparing: SELECT order_id, account_id, item_id, status, note, reservation_timestamp FROM reserve_order ORDER BY account_id 
14:07:32,101 DEBUG [com.trailblazers.freewheelers.mappers.ReserveOrderMapper.findAll] ==> Parameters: 
14:07:32,307 DEBUG [com.trailblazers.freewheelers.mappers.ReserveOrderMapper.findAllFor] ooo Using Connection [org.postgresql.jdbc4.Jdbc4Connection@3e61b848]
14:07:32,307 DEBUG [com.trailblazers.freewheelers.mappers.ReserveOrderMapper.findAllFor] ==>  Preparing: SELECT order_id, account_id, item_id, status, note, reservation_timestamp FROM reserve_order WHERE account_id=? 
14:07:32,307 DEBUG [com.trailblazers.freewheelers.mappers.ReserveOrderMapper.findAllFor] ==> Parameters: 11(Long)
14:07:35,423 DEBUG [com.trailblazers.freewheelers.mappers.ReserveOrderMapper.findAllFor] ooo Using Connection [org.postgresql.jdbc4.Jdbc4Connection@3e61b848]
14:07:35,423 DEBUG [com.trailblazers.freewheelers.mappers.ReserveOrderMapper.findAllFor] ==>  Preparing: SELECT order_id, account_id, item_id, status, note, reservation_timestamp FROM reserve_order WHERE account_id=? 
14:07:35,424 DEBUG [com.trailblazers.freewheelers.mappers.ReserveOrderMapper.findAllFor] ==> Parameters: 12(Long)
14:07:35,584 DEBUG [com.trailblazers.freewheelers.mappers.ReserveOrderMapper.findAll] ooo Using Connection [org.postgresql.jdbc4.Jdbc4Connection@6a788fcf]
14:07:35,584 DEBUG [com.trailblazers.freewheelers.mappers.ReserveOrderMapper.findAll] ==>  Preparing: SELECT order_id, account_id, item_id, status, note, reservation_timestamp FROM reserve_order ORDER BY account_id 
14:07:35,584 DEBUG [com.trailblazers.freewheelers.mappers.ReserveOrderMapper.findAll] ==> Parameters: 
14:07:35,709 DEBUG [org.apache.ibatis.transaction.jdbc.JdbcTransaction] Openning JDBC Connection
14:07:35,713 DEBUG [com.trailblazers.freewheelers.mappers.ItemMapper.findAll] ooo Using Connection [org.postgresql.jdbc4.Jdbc4Connection@2c46f6ad]
14:07:35,713 DEBUG [com.trailblazers.freewheelers.mappers.ItemMapper.findAll] ==>  Preparing: SELECT item_id, name, price, type, quantity, description FROM item 
14:07:35,713 DEBUG [com.trailblazers.freewheelers.mappers.ItemMapper.findAll] ==> Parameters: 
14:07:36,326 DEBUG [com.trailblazers.freewheelers.mappers.ItemMapper.findAll] ooo Using Connection [org.postgresql.jdbc4.Jdbc4Connection@2c46f6ad]
14:07:36,327 DEBUG [com.trailblazers.freewheelers.mappers.ItemMapper.findAll] ==>  Preparing: SELECT item_id, name, price, type, quantity, description FROM item 
14:07:36,327 DEBUG [com.trailblazers.freewheelers.mappers.ItemMapper.findAll] ==> Parameters: 
14:07:36,673 DEBUG [com.trailblazers.freewheelers.mappers.ItemMapper.insert] ooo Using Connection [org.postgresql.jdbc4.Jdbc4Connection@2c46f6ad]
14:07:36,673 DEBUG [com.trailblazers.freewheelers.mappers.ItemMapper.insert] ==>  Preparing: INSERT INTO item (description, name, price, type, quantity) VALUES (?, ?, ?, ?, ?) 
14:07:36,674 DEBUG [com.trailblazers.freewheelers.mappers.ItemMapper.insert] ==> Parameters: 4 x red, curved Arrow shape, screw fastening(String), Simplon Pavo 3 Ultra(String), 2899.00(BigDecimal), FRAME(String), 1000(Long)
14:07:36,675 DEBUG [org.apache.ibatis.transaction.jdbc.JdbcTransaction] Committing JDBC Connection [org.postgresql.jdbc4.Jdbc4Connection@2c46f6ad]
14:07:36,679 DEBUG [com.trailblazers.freewheelers.mappers.ItemMapper.findAll] ooo Using Connection [org.postgresql.jdbc4.Jdbc4Connection@2c46f6ad]
14:07:36,680 DEBUG [com.trailblazers.freewheelers.mappers.ItemMapper.findAll] ==>  Preparing: SELECT item_id, name, price, type, quantity, description FROM item 
14:07:36,680 DEBUG [com.trailblazers.freewheelers.mappers.ItemMapper.findAll] ==> Parameters: 
14:07:37,075 DEBUG [com.trailblazers.freewheelers.mappers.ItemMapper.insert] ooo Using Connection [org.postgresql.jdbc4.Jdbc4Connection@2c46f6ad]
14:07:37,075 DEBUG [com.trailblazers.freewheelers.mappers.ItemMapper.insert] ==>  Preparing: INSERT INTO item (description, name, price, type, quantity) VALUES (?, ?, ?, ?, ?) 
14:07:37,075 DEBUG [com.trailblazers.freewheelers.mappers.ItemMapper.insert] ==> Parameters: 4 x red, curved Arrow shape, screw fastening(String), Spoke - Reflectors Arrow red(String), 2899.00(BigDecimal), ACCESSORIES(String), 1000(Long)
14:07:37,076 DEBUG [org.apache.ibatis.transaction.jdbc.JdbcTransaction] Committing JDBC Connection [org.postgresql.jdbc4.Jdbc4Connection@2c46f6ad]
14:07:37,079 DEBUG [com.trailblazers.freewheelers.mappers.ItemMapper.findAll] ooo Using Connection [org.postgresql.jdbc4.Jdbc4Connection@2c46f6ad]
14:07:37,079 DEBUG [com.trailblazers.freewheelers.mappers.ItemMapper.findAll] ==>  Preparing: SELECT item_id, name, price, type, quantity, description FROM item 
14:07:37,079 DEBUG [com.trailblazers.freewheelers.mappers.ItemMapper.findAll] ==> Parameters: 
14:07:37,345 DEBUG [com.trailblazers.freewheelers.mappers.ItemMapper.update] ooo Using Connection [org.postgresql.jdbc4.Jdbc4Connection@2c46f6ad]
14:07:37,345 DEBUG [com.trailblazers.freewheelers.mappers.ItemMapper.update] ==>  Preparing: UPDATE item SET description=?, name=?, price=?, type=?, quantity=? WHERE item_id=? 
14:07:37,346 DEBUG [com.trailblazers.freewheelers.mappers.ItemMapper.update] ==> Parameters: 4 x red, curved Arrow shape, screw fastening(String), NEW - Simplon Pavo 3 Ultra(String), 2899.00(BigDecimal), FRAME(String), 1000(Long), 10(Long)
14:07:37,347 DEBUG [org.apache.ibatis.transaction.jdbc.JdbcTransaction] Committing JDBC Connection [org.postgresql.jdbc4.Jdbc4Connection@2c46f6ad]
14:07:37,348 DEBUG [com.trailblazers.freewheelers.mappers.ItemMapper.update] ooo Using Connection [org.postgresql.jdbc4.Jdbc4Connection@2c46f6ad]
14:07:37,348 DEBUG [com.trailblazers.freewheelers.mappers.ItemMapper.update] ==>  Preparing: UPDATE item SET description=?, name=?, price=?, type=?, quantity=? WHERE item_id=? 
14:07:37,348 DEBUG [com.trailblazers.freewheelers.mappers.ItemMapper.update] ==> Parameters: 4 x red, curved Arrow shape, screw fastening(String), Spoke - Reflectors Arrow red(String), 2899.00(BigDecimal), ACCESSORIES(String), 1000(Long), 11(Long)
14:07:37,349 DEBUG [org.apache.ibatis.transaction.jdbc.JdbcTransaction] Committing JDBC Connection [org.postgresql.jdbc4.Jdbc4Connection@2c46f6ad]
14:07:37,351 DEBUG [com.trailblazers.freewheelers.mappers.ItemMapper.findAll] ooo Using Connection [org.postgresql.jdbc4.Jdbc4Connection@2c46f6ad]
14:07:37,351 DEBUG [com.trailblazers.freewheelers.mappers.ItemMapper.findAll] ==>  Preparing: SELECT item_id, name, price, type, quantity, description FROM item 
14:07:37,351 DEBUG [com.trailblazers.freewheelers.mappers.ItemMapper.findAll] ==> Parameters: 
14:07:37,620 DEBUG [com.trailblazers.freewheelers.mappers.ItemMapper.update] ooo Using Connection [org.postgresql.jdbc4.Jdbc4Connection@2c46f6ad]
14:07:37,620 DEBUG [com.trailblazers.freewheelers.mappers.ItemMapper.update] ==>  Preparing: UPDATE item SET description=?, name=?, price=?, type=?, quantity=? WHERE item_id=? 
14:07:37,621 DEBUG [com.trailblazers.freewheelers.mappers.ItemMapper.update] ==> Parameters: 4 x red, curved Arrow shape, screw fastening(String), NEW - Simplon Pavo 3 Ultra(String), 2899.00(BigDecimal), FRAME(String), 1000(Long), 10(Long)
14:07:37,622 DEBUG [org.apache.ibatis.transaction.jdbc.JdbcTransaction] Committing JDBC Connection [org.postgresql.jdbc4.Jdbc4Connection@2c46f6ad]
14:07:37,622 DEBUG [com.trailblazers.freewheelers.mappers.ItemMapper.update] ooo Using Connection [org.postgresql.jdbc4.Jdbc4Connection@2c46f6ad]
14:07:37,622 DEBUG [com.trailblazers.freewheelers.mappers.ItemMapper.update] ==>  Preparing: UPDATE item SET description=?, name=?, price=?, type=?, quantity=? WHERE item_id=? 
14:07:37,623 DEBUG [com.trailblazers.freewheelers.mappers.ItemMapper.update] ==> Parameters: 4 x red, curved Arrow shape, screw fastening(String), NEW - Spoke - Reflectors Arrow red(String), 2899.00(BigDecimal), ACCESSORIES(String), 1000(Long), 11(Long)
14:07:37,623 DEBUG [org.apache.ibatis.transaction.jdbc.JdbcTransaction] Committing JDBC Connection [org.postgresql.jdbc4.Jdbc4Connection@2c46f6ad]
14:07:37,628 DEBUG [com.trailblazers.freewheelers.mappers.ItemMapper.findAll] ooo Using Connection [org.postgresql.jdbc4.Jdbc4Connection@2c46f6ad]
14:07:37,628 DEBUG [com.trailblazers.freewheelers.mappers.ItemMapper.findAll] ==>  Preparing: SELECT item_id, name, price, type, quantity, description FROM item 
14:07:37,628 DEBUG [com.trailblazers.freewheelers.mappers.ItemMapper.findAll] ==> Parameters: 
14:07:37,866 DEBUG [com.trailblazers.freewheelers.mappers.ItemMapper.delete] ooo Using Connection [org.postgresql.jdbc4.Jdbc4Connection@2c46f6ad]
14:07:37,866 DEBUG [com.trailblazers.freewheelers.mappers.ItemMapper.delete] ==>  Preparing: DELETE FROM item WHERE item_id = ? 
14:07:37,866 DEBUG [com.trailblazers.freewheelers.mappers.ItemMapper.delete] ==> Parameters: 10(Long)
14:07:37,867 DEBUG [org.apache.ibatis.transaction.jdbc.JdbcTransaction] Committing JDBC Connection [org.postgresql.jdbc4.Jdbc4Connection@2c46f6ad]
14:07:37,879 DEBUG [com.trailblazers.freewheelers.mappers.ItemMapper.findAll] ooo Using Connection [org.postgresql.jdbc4.Jdbc4Connection@2c46f6ad]
14:07:37,879 DEBUG [com.trailblazers.freewheelers.mappers.ItemMapper.findAll] ==>  Preparing: SELECT item_id, name, price, type, quantity, description FROM item 
14:07:37,879 DEBUG [com.trailblazers.freewheelers.mappers.ItemMapper.findAll] ==> Parameters: 
14:07:39,617 DEBUG [com.trailblazers.freewheelers.mappers.AccountMapper.getByName] ooo Using Connection [org.postgresql.jdbc4.Jdbc4Connection@793069a5]
14:07:39,617 DEBUG [com.trailblazers.freewheelers.mappers.AccountMapper.getByName] ==>  Preparing: SELECT account_id, account_name, email_address, password, phone_number, enabled FROM account WHERE account_name = ? LIMIT 1 
14:07:39,617 DEBUG [com.trailblazers.freewheelers.mappers.AccountMapper.getByName] ==> Parameters: Promoter(String)
14:07:39,618 DEBUG [com.trailblazers.freewheelers.mappers.ReserveOrderMapper.findAllFor] ooo Using Connection [org.postgresql.jdbc4.Jdbc4Connection@3e61b848]
14:07:39,618 DEBUG [com.trailblazers.freewheelers.mappers.ReserveOrderMapper.findAllFor] ==>  Preparing: SELECT order_id, account_id, item_id, status, note, reservation_timestamp FROM reserve_order WHERE account_id=? 
14:07:39,618 DEBUG [com.trailblazers.freewheelers.mappers.ReserveOrderMapper.findAllFor] ==> Parameters: 15(Long)
14:07:39,765 DEBUG [com.trailblazers.freewheelers.mappers.ItemMapper.findAvailable] ooo Using Connection [org.postgresql.jdbc4.Jdbc4Connection@2e7a32f3]
14:07:39,766 DEBUG [com.trailblazers.freewheelers.mappers.ItemMapper.findAvailable] ==>  Preparing: SELECT item_id, name, price, type, quantity, description FROM item WHERE quantity > 0 
14:07:39,766 DEBUG [com.trailblazers.freewheelers.mappers.ItemMapper.findAvailable] ==> Parameters: 
14:07:39,937 DEBUG [org.apache.ibatis.transaction.jdbc.JdbcTransaction] Openning JDBC Connection
14:07:39,941 DEBUG [com.trailblazers.freewheelers.mappers.ItemMapper.get] ooo Using Connection [org.postgresql.jdbc4.Jdbc4Connection@f118894]
14:07:39,941 DEBUG [com.trailblazers.freewheelers.mappers.ItemMapper.get] ==>  Preparing: SELECT item_id as itemId, description, name, price, type, quantity FROM item WHERE item_id = ? 
14:07:39,941 DEBUG [com.trailblazers.freewheelers.mappers.ItemMapper.get] ==> Parameters: 12(Long)
14:07:39,943 DEBUG [org.apache.ibatis.transaction.jdbc.JdbcTransaction] Openning JDBC Connection
14:07:39,947 DEBUG [com.trailblazers.freewheelers.mappers.AccountMapper.getByName] ooo Using Connection [org.postgresql.jdbc4.Jdbc4Connection@162684a7]
14:07:39,947 DEBUG [com.trailblazers.freewheelers.mappers.AccountMapper.getByName] ==>  Preparing: SELECT account_id, account_name, email_address, password, phone_number, enabled FROM account WHERE account_name = ? LIMIT 1 
14:07:39,947 DEBUG [com.trailblazers.freewheelers.mappers.AccountMapper.getByName] ==> Parameters: Promoter(String)
14:07:39,949 DEBUG [org.apache.ibatis.transaction.jdbc.JdbcTransaction] Openning JDBC Connection
14:07:39,953 DEBUG [com.trailblazers.freewheelers.mappers.ReserveOrderMapper.insert] ooo Using Connection [org.postgresql.jdbc4.Jdbc4Connection@6ad49a64]
14:07:39,953 DEBUG [com.trailblazers.freewheelers.mappers.ReserveOrderMapper.insert] ==>  Preparing: INSERT INTO reserve_order (account_id, item_id, status, note, reservation_timestamp) VALUES (?, ?, ?, ?, ?) 
14:07:39,953 DEBUG [com.trailblazers.freewheelers.mappers.ReserveOrderMapper.insert] ==> Parameters: 15(Long), 12(Long), NEW(String), (String), 2014-07-05 14:07:39.949(Timestamp)
14:07:39,955 DEBUG [org.apache.ibatis.transaction.jdbc.JdbcTransaction] Committing JDBC Connection [org.postgresql.jdbc4.Jdbc4Connection@6ad49a64]
14:07:39,955 DEBUG [com.trailblazers.freewheelers.mappers.ItemMapper.update] ooo Using Connection [org.postgresql.jdbc4.Jdbc4Connection@f118894]
14:07:39,955 DEBUG [com.trailblazers.freewheelers.mappers.ItemMapper.update] ==>  Preparing: UPDATE item SET description=?, name=?, price=?, type=?, quantity=? WHERE item_id=? 
14:07:39,956 DEBUG [com.trailblazers.freewheelers.mappers.ItemMapper.update] ==> Parameters: A very nice item.(String), Bike Frame(String), 49.99(BigDecimal), FRAME(String), 9(Long), 12(Long)
14:07:39,956 DEBUG [org.apache.ibatis.transaction.jdbc.JdbcTransaction] Committing JDBC Connection [org.postgresql.jdbc4.Jdbc4Connection@f118894]
14:07:42,557 DEBUG [org.apache.ibatis.transaction.jdbc.JdbcTransaction] Openning JDBC Connection
14:07:42,560 DEBUG [com.trailblazers.freewheelers.mappers.AccountMapper.getByName] ooo Using Connection [org.postgresql.jdbc4.Jdbc4Connection@7e5128b9]
14:07:42,561 DEBUG [com.trailblazers.freewheelers.mappers.AccountMapper.getByName] ==>  Preparing: SELECT account_id, account_name, email_address, password, phone_number, enabled FROM account WHERE account_name = ? LIMIT 1 
14:07:42,561 DEBUG [com.trailblazers.freewheelers.mappers.AccountMapper.getByName] ==> Parameters: Promoter(String)
14:07:42,565 DEBUG [org.apache.ibatis.transaction.jdbc.JdbcTransaction] Openning JDBC Connection
14:07:42,568 DEBUG [com.trailblazers.freewheelers.mappers.SurveyMapper.insert] ooo Using Connection [org.postgresql.jdbc4.Jdbc4Connection@14caea1b]
14:07:42,568 DEBUG [com.trailblazers.freewheelers.mappers.SurveyMapper.insert] ==>  Preparing: INSERT INTO survey_entry (account_id, rating, comment) VALUES (?, ?, ?) 
14:07:42,569 DEBUG [com.trailblazers.freewheelers.mappers.SurveyMapper.insert] ==> Parameters: 15(Long), 10(Integer), Some Feedback(String)
14:07:42,570 DEBUG [org.apache.ibatis.transaction.jdbc.JdbcTransaction] Committing JDBC Connection [org.postgresql.jdbc4.Jdbc4Connection@14caea1b]
14:07:42,916 DEBUG [com.trailblazers.freewheelers.mappers.ItemMapper.findAvailable] ooo Using Connection [org.postgresql.jdbc4.Jdbc4Connection@2e7a32f3]
14:07:42,916 DEBUG [com.trailblazers.freewheelers.mappers.ItemMapper.findAvailable] ==>  Preparing: SELECT item_id, name, price, type, quantity, description FROM item WHERE quantity > 0 
14:07:42,916 DEBUG [com.trailblazers.freewheelers.mappers.ItemMapper.findAvailable] ==> Parameters: 
14:07:43,143 DEBUG [com.trailblazers.freewheelers.mappers.ItemMapper.findAvailable] ooo Using Connection [org.postgresql.jdbc4.Jdbc4Connection@2e7a32f3]
14:07:43,143 DEBUG [com.trailblazers.freewheelers.mappers.ItemMapper.findAvailable] ==>  Preparing: SELECT item_id, name, price, type, quantity, description FROM item WHERE quantity > 0 
14:07:43,143 DEBUG [com.trailblazers.freewheelers.mappers.ItemMapper.findAvailable] ==> Parameters: 
14:07:43,837 DEBUG [com.trailblazers.freewheelers.mappers.AccountMapper.getByName] ooo Using Connection [org.postgresql.jdbc4.Jdbc4Connection@793069a5]
14:07:43,837 DEBUG [com.trailblazers.freewheelers.mappers.AccountMapper.getByName] ==>  Preparing: SELECT account_id, account_name, email_address, password, phone_number, enabled FROM account WHERE account_name = ? LIMIT 1 
14:07:43,838 DEBUG [com.trailblazers.freewheelers.mappers.AccountMapper.getByName] ==> Parameters: NPSAdmin(String)
14:07:43,838 DEBUG [com.trailblazers.freewheelers.mappers.ReserveOrderMapper.findAllFor] ooo Using Connection [org.postgresql.jdbc4.Jdbc4Connection@3e61b848]
14:07:43,838 DEBUG [com.trailblazers.freewheelers.mappers.ReserveOrderMapper.findAllFor] ==>  Preparing: SELECT order_id, account_id, item_id, status, note, reservation_timestamp FROM reserve_order WHERE account_id=? 
14:07:43,839 DEBUG [com.trailblazers.freewheelers.mappers.ReserveOrderMapper.findAllFor] ==> Parameters: 16(Long)
14:07:43,936 DEBUG [com.trailblazers.freewheelers.mappers.SurveyMapper.generateNpsReport] ooo Using Connection [org.postgresql.jdbc4.Jdbc4Connection@14caea1b]
14:07:43,936 DEBUG [com.trailblazers.freewheelers.mappers.SurveyMapper.generateNpsReport] ==>  Preparing: select count(*) as total, count(case when rating > 8 then 1 else null end) as promoters, count(case when rating < 7 then 1 else null end) as detractors, count(case when rating > 6 and rating < 9 then 1 else null end) as passives from survey_entry 
14:07:43,936 DEBUG [com.trailblazers.freewheelers.mappers.SurveyMapper.generateNpsReport] ==> Parameters: 
14:07:43,938 DEBUG [com.trailblazers.freewheelers.mappers.SurveyMapper.getPromoterComments] ooo Using Connection [org.postgresql.jdbc4.Jdbc4Connection@14caea1b]
14:07:43,938 DEBUG [com.trailblazers.freewheelers.mappers.SurveyMapper.getPromoterComments] ==>  Preparing: select comment from survey_entry where rating > 8 and comment is not null and comment <> '' 
14:07:43,938 DEBUG [com.trailblazers.freewheelers.mappers.SurveyMapper.getPromoterComments] ==> Parameters: 
14:07:43,939 DEBUG [com.trailblazers.freewheelers.mappers.SurveyMapper.getPassiveComments] ooo Using Connection [org.postgresql.jdbc4.Jdbc4Connection@14caea1b]
14:07:43,939 DEBUG [com.trailblazers.freewheelers.mappers.SurveyMapper.getPassiveComments] ==>  Preparing: select comment from survey_entry where rating > 6 and rating < 9 and comment is not null and comment <> '' 
14:07:43,939 DEBUG [com.trailblazers.freewheelers.mappers.SurveyMapper.getPassiveComments] ==> Parameters: 
14:07:43,940 DEBUG [com.trailblazers.freewheelers.mappers.SurveyMapper.getDetractorComments] ooo Using Connection [org.postgresql.jdbc4.Jdbc4Connection@14caea1b]
14:07:43,940 DEBUG [com.trailblazers.freewheelers.mappers.SurveyMapper.getDetractorComments] ==>  Preparing: select comment from survey_entry where rating < 7 and comment is not null and comment <> '' 
14:07:43,940 DEBUG [com.trailblazers.freewheelers.mappers.SurveyMapper.getDetractorComments] ==> Parameters: 
14:07:45,883 DEBUG [com.trailblazers.freewheelers.mappers.AccountMapper.getByName] ooo Using Connection [org.postgresql.jdbc4.Jdbc4Connection@793069a5]
14:07:45,883 DEBUG [com.trailblazers.freewheelers.mappers.AccountMapper.getByName] ==>  Preparing: SELECT account_id, account_name, email_address, password, phone_number, enabled FROM account WHERE account_name = ? LIMIT 1 
14:07:45,884 DEBUG [com.trailblazers.freewheelers.mappers.AccountMapper.getByName] ==> Parameters: Bob Buyer(String)
14:07:45,885 DEBUG [com.trailblazers.freewheelers.mappers.ReserveOrderMapper.findAllFor] ooo Using Connection [org.postgresql.jdbc4.Jdbc4Connection@3e61b848]
14:07:45,885 DEBUG [com.trailblazers.freewheelers.mappers.ReserveOrderMapper.findAllFor] ==>  Preparing: SELECT order_id, account_id, item_id, status, note, reservation_timestamp FROM reserve_order WHERE account_id=? 
14:07:45,886 DEBUG [com.trailblazers.freewheelers.mappers.ReserveOrderMapper.findAllFor] ==> Parameters: 19(Long)
14:07:46,080 DEBUG [com.trailblazers.freewheelers.mappers.ItemMapper.findAvailable] ooo Using Connection [org.postgresql.jdbc4.Jdbc4Connection@2e7a32f3]
14:07:46,080 DEBUG [com.trailblazers.freewheelers.mappers.ItemMapper.findAvailable] ==>  Preparing: SELECT item_id, name, price, type, quantity, description FROM item WHERE quantity > 0 
14:07:46,080 DEBUG [com.trailblazers.freewheelers.mappers.ItemMapper.findAvailable] ==> Parameters: 
14:07:46,247 DEBUG [com.trailblazers.freewheelers.mappers.ItemMapper.get] ooo Using Connection [org.postgresql.jdbc4.Jdbc4Connection@f118894]
14:07:46,247 DEBUG [com.trailblazers.freewheelers.mappers.ItemMapper.get] ==>  Preparing: SELECT item_id as itemId, description, name, price, type, quantity FROM item WHERE item_id = ? 
14:07:46,247 DEBUG [com.trailblazers.freewheelers.mappers.ItemMapper.get] ==> Parameters: 14(Long)
14:07:46,248 DEBUG [com.trailblazers.freewheelers.mappers.AccountMapper.getByName] ooo Using Connection [org.postgresql.jdbc4.Jdbc4Connection@162684a7]
14:07:46,248 DEBUG [com.trailblazers.freewheelers.mappers.AccountMapper.getByName] ==>  Preparing: SELECT account_id, account_name, email_address, password, phone_number, enabled FROM account WHERE account_name = ? LIMIT 1 
14:07:46,248 DEBUG [com.trailblazers.freewheelers.mappers.AccountMapper.getByName] ==> Parameters: Bob Buyer(String)
14:07:46,250 DEBUG [com.trailblazers.freewheelers.mappers.ReserveOrderMapper.insert] ooo Using Connection [org.postgresql.jdbc4.Jdbc4Connection@6ad49a64]
14:07:46,250 DEBUG [com.trailblazers.freewheelers.mappers.ReserveOrderMapper.insert] ==>  Preparing: INSERT INTO reserve_order (account_id, item_id, status, note, reservation_timestamp) VALUES (?, ?, ?, ?, ?) 
14:07:46,250 DEBUG [com.trailblazers.freewheelers.mappers.ReserveOrderMapper.insert] ==> Parameters: 19(Long), 14(Long), NEW(String), (String), 2014-07-05 14:07:46.249(Timestamp)
14:07:46,251 DEBUG [org.apache.ibatis.transaction.jdbc.JdbcTransaction] Committing JDBC Connection [org.postgresql.jdbc4.Jdbc4Connection@6ad49a64]
14:07:46,251 DEBUG [com.trailblazers.freewheelers.mappers.ItemMapper.update] ooo Using Connection [org.postgresql.jdbc4.Jdbc4Connection@f118894]
14:07:46,252 DEBUG [com.trailblazers.freewheelers.mappers.ItemMapper.update] ==>  Preparing: UPDATE item SET description=?, name=?, price=?, type=?, quantity=? WHERE item_id=? 
14:07:46,252 DEBUG [com.trailblazers.freewheelers.mappers.ItemMapper.update] ==> Parameters: A very nice item.(String), Simplon Pavo 3 Ultra 1404549465527(String), 49.99(BigDecimal), FRAME(String), 0(Long), 14(Long)
14:07:46,252 DEBUG [org.apache.ibatis.transaction.jdbc.JdbcTransaction] Committing JDBC Connection [org.postgresql.jdbc4.Jdbc4Connection@f118894]
14:07:46,334 DEBUG [com.trailblazers.freewheelers.mappers.ItemMapper.findAvailable] ooo Using Connection [org.postgresql.jdbc4.Jdbc4Connection@2e7a32f3]
14:07:46,334 DEBUG [com.trailblazers.freewheelers.mappers.ItemMapper.findAvailable] ==>  Preparing: SELECT item_id, name, price, type, quantity, description FROM item WHERE quantity > 0 
14:07:46,334 DEBUG [com.trailblazers.freewheelers.mappers.ItemMapper.findAvailable] ==> Parameters: 
14:07:46,616 DEBUG [com.trailblazers.freewheelers.mappers.ReserveOrderMapper.findAllFor] ooo Using Connection [org.postgresql.jdbc4.Jdbc4Connection@3e61b848]
14:07:46,617 DEBUG [com.trailblazers.freewheelers.mappers.ReserveOrderMapper.findAllFor] ==>  Preparing: SELECT order_id, account_id, item_id, status, note, reservation_timestamp FROM reserve_order WHERE account_id=? 
14:07:46,617 DEBUG [com.trailblazers.freewheelers.mappers.ReserveOrderMapper.findAllFor] ==> Parameters: 12(Long)
14:07:46,722 DEBUG [com.trailblazers.freewheelers.mappers.ReserveOrderMapper.findAll] ooo Using Connection [org.postgresql.jdbc4.Jdbc4Connection@6a788fcf]
14:07:46,722 DEBUG [com.trailblazers.freewheelers.mappers.ReserveOrderMapper.findAll] ==>  Preparing: SELECT order_id, account_id, item_id, status, note, reservation_timestamp FROM reserve_order ORDER BY account_id 
14:07:46,722 DEBUG [com.trailblazers.freewheelers.mappers.ReserveOrderMapper.findAll] ==> Parameters: 
14:07:46,724 DEBUG [org.apache.ibatis.transaction.jdbc.JdbcTransaction] Openning JDBC Connection
14:07:46,728 DEBUG [com.trailblazers.freewheelers.mappers.AccountMapper.getById] ooo Using Connection [org.postgresql.jdbc4.Jdbc4Connection@4c31318f]
14:07:46,728 DEBUG [com.trailblazers.freewheelers.mappers.AccountMapper.getById] ==>  Preparing: SELECT account_id, account_name, email_address, password, phone_number, enabled FROM account WHERE account_id = ? 
14:07:46,728 DEBUG [com.trailblazers.freewheelers.mappers.AccountMapper.getById] ==> Parameters: 15(Long)
14:07:46,731 DEBUG [org.apache.ibatis.transaction.jdbc.JdbcTransaction] Openning JDBC Connection
14:07:46,734 DEBUG [com.trailblazers.freewheelers.mappers.ItemMapper.get] ooo Using Connection [org.postgresql.jdbc4.Jdbc4Connection@4719b925]
14:07:46,734 DEBUG [com.trailblazers.freewheelers.mappers.ItemMapper.get] ==>  Preparing: SELECT item_id as itemId, description, name, price, type, quantity FROM item WHERE item_id = ? 
14:07:46,734 DEBUG [com.trailblazers.freewheelers.mappers.ItemMapper.get] ==> Parameters: 12(Long)
14:07:46,736 DEBUG [com.trailblazers.freewheelers.mappers.AccountMapper.getById] ooo Using Connection [org.postgresql.jdbc4.Jdbc4Connection@4c31318f]
14:07:46,736 DEBUG [com.trailblazers.freewheelers.mappers.AccountMapper.getById] ==>  Preparing: SELECT account_id, account_name, email_address, password, phone_number, enabled FROM account WHERE account_id = ? 
14:07:46,736 DEBUG [com.trailblazers.freewheelers.mappers.AccountMapper.getById] ==> Parameters: 19(Long)
14:07:46,737 DEBUG [com.trailblazers.freewheelers.mappers.ItemMapper.get] ooo Using Connection [org.postgresql.jdbc4.Jdbc4Connection@4719b925]
14:07:46,737 DEBUG [com.trailblazers.freewheelers.mappers.ItemMapper.get] ==>  Preparing: SELECT item_id as itemId, description, name, price, type, quantity FROM item WHERE item_id = ? 
14:07:46,737 DEBUG [com.trailblazers.freewheelers.mappers.ItemMapper.get] ==> Parameters: 14(Long)
14:07:47,027 DEBUG [com.trailblazers.freewheelers.mappers.ReserveOrderMapper.get] ooo Using Connection [org.postgresql.jdbc4.Jdbc4Connection@6a788fcf]
14:07:47,027 DEBUG [com.trailblazers.freewheelers.mappers.ReserveOrderMapper.get] ==>  Preparing: SELECT order_id, account_id, item_id, status, note, reservation_timestamp FROM reserve_order WHERE order_id = ? 
14:07:47,027 DEBUG [com.trailblazers.freewheelers.mappers.ReserveOrderMapper.get] ==> Parameters: 9(Long)
14:07:47,030 DEBUG [com.trailblazers.freewheelers.mappers.ReserveOrderMapper.save] ooo Using Connection [org.postgresql.jdbc4.Jdbc4Connection@6a788fcf]
14:07:47,030 DEBUG [com.trailblazers.freewheelers.mappers.ReserveOrderMapper.save] ==>  Preparing: UPDATE reserve_order SET account_id=?, item_id=?, status=?, note=?, reservation_timestamp=? WHERE order_id=? 
14:07:47,031 DEBUG [com.trailblazers.freewheelers.mappers.ReserveOrderMapper.save] ==> Parameters: 19(Long), 14(Long), IN_PROGRESS(String), (String), 2014-07-05 14:07:46.249(Timestamp), 9(Long)
14:07:47,032 DEBUG [org.apache.ibatis.transaction.jdbc.JdbcTransaction] Committing JDBC Connection [org.postgresql.jdbc4.Jdbc4Connection@6a788fcf]
14:07:47,032 DEBUG [com.trailblazers.freewheelers.mappers.ReserveOrderMapper.findAll] ooo Using Connection [org.postgresql.jdbc4.Jdbc4Connection@6a788fcf]
14:07:47,032 DEBUG [com.trailblazers.freewheelers.mappers.ReserveOrderMapper.findAll] ==>  Preparing: SELECT order_id, account_id, item_id, status, note, reservation_timestamp FROM reserve_order ORDER BY account_id 
14:07:47,032 DEBUG [com.trailblazers.freewheelers.mappers.ReserveOrderMapper.findAll] ==> Parameters: 
